Arguments: 
  /usr/bin/node /usr/share/yarn/bin/yarn.js install

PATH: 
  /home/thor-jr/.local/bin:/usr/local/sbin:/usr/local/bin:/usr/sbin:/usr/bin:/sbin:/bin:/usr/games:/usr/local/games

Yarn version: 
  1.17.3

Node version: 
  8.10.0

Platform: 
  linux x64

Trace: 
  Error: EACCES: permission denied, unlink '/home/thor-jr/Documents/diversity-hackathon/Backend/node_modules/.yarn-integrity'

npm manifest: 
  {
    "name": "backend",
    "version": "1.0.0",
    "description": "\"# Backend\"",
    "main": "server.js",
    "scripts": {
      "test": "echo \"Error: no test specified\" && exit 1",
      "start": "node server.js",
      "dev": "nodemon server.js",
      "db_start": "docker run --rm --name postgres_dev -d -p 6000:5432 postgres",
      "db_reset": "npx knex migrate:rollback && npx knex migrate:latest",
      "db_stop": "docker container stop postgres_dev"
    },
    "repository": {
      "type": "git",
      "url": "git+https://github.com/wantIt-App/Backend.git"
    },
    "author": "",
    "license": "ISC",
    "bugs": {
      "url": "https://github.com/wantIt-App/Backend/issues"
    },
    "homepage": "https://github.com/wantIt-App/Backend#readme",
    "devDependencies": {
      "nodemon": "^1.19.2",
      "prettier": "^1.18.2"
    },
    "dependencies": {
      "bcrypt": "^3.0.6",
      "cloudinary": "^1.15.0",
      "cors": "^2.8.5",
      "dotenv": "^8.1.0",
      "express": "^4.17.1",
      "express-form-data": "^2.0.10",
      "helmet": "^3.21.1",
      "jsonwebtoken": "^8.5.1",
      "knex": "^0.19.4",
      "pg": "^7.12.1"
    }
  }

yarn manifest: 
  No manifest

Lockfile: 
  No lockfile
